<?xml version="1.0" encoding="UTF-8"?>
<!-- Generated by org.testng.reporters.JUnitReportReporter -->
<testsuite hostname="DESKTOP-28CLGRH" failures="0" tests="1" name="ReadExcel.TestClass" time="0.841" errors="0" timestamp="2023-12-07T13:17:11 IST" skipped="0">
  <testcase classname="ReadExcel.TestClass" name="data" time="0.841"/>
  <system-out/>
</testsuite> <!-- ReadExcel.TestClass -->
