<?xml version="1.0" encoding="UTF-8"?>
<!-- Generated by org.testng.reporters.JUnitReportReporter -->
<testsuite hostname="DESKTOP-28CLGRH" failures="0" tests="1" name="ReadExcel.DataDriven" time="1.750" errors="0" timestamp="2023-08-01T12:02:54 IST" skipped="0">
  <testcase classname="ReadExcel.DataDriven" name="Read" time="1.750"/>
  <system-out/>
</testsuite> <!-- ReadExcel.DataDriven -->
