<?xml version="1.0" encoding="UTF-8"?>
<!-- Generated by org.testng.reporters.JUnitReportReporter -->
<testsuite hostname="DESKTOP-28CLGRH" failures="0" tests="4" name="ReadExcel.DataDrivenTest" time="17.313" errors="0" timestamp="2023-08-03T11:06:22 IST" skipped="0">
  <testcase classname="ReadExcel.DataDrivenTest" name="loginTest" time="3.603"/>
  <system-out/>
  <testcase classname="ReadExcel.DataDrivenTest" name="loginTest" time="2.630"/>
  <system-out/>
  <testcase classname="ReadExcel.DataDrivenTest" name="loginTest" time="2.663"/>
  <system-out/>
  <testcase classname="ReadExcel.DataDrivenTest" name="loginTest" time="8.417"/>
  <system-out/>
</testsuite> <!-- ReadExcel.DataDrivenTest -->
